# JRE version: Java(TM) SE Runtime Environment (8.0_131-b11) (build 1.8.0_131-b11)
# Java VM: Java HotSpot(TM) 64-Bit Server VM (25.131-b11 mixed mode linux-amd64 compressed oops)
Heap:
 PSYoungGen      total 66560K, used 52004K [0x0000000671100000, 0x0000000676380000, 0x00000007c0000000)
  eden space 57856K, 75% used [0x0000000671100000,0x0000000673b8bd18,0x0000000674980000)
  from space 8704K, 96% used [0x0000000674b00000,0x000000067533d430,0x0000000675380000)
  to   space 13312K, 0% used [0x0000000675680000,0x0000000675680000,0x0000000676380000)
 ParOldGen       total 46592K, used 13478K [0x00000003d3200000, 0x00000003d5f80000, 0x0000000671100000)
  object space 46592K, 28% used [0x00000003d3200000,0x00000003d3f29a80,0x00000003d5f80000)
 Metaspace       used 10013K, capacity 10198K, committed 10368K, reserved 1058816K
  class space    used 1004K, capacity 1081K, committed 1152K, reserved 1048576K
GC Heap History (10 events):
Event: 125297.172 GC heap before
{Heap before GC invocations=9326 (full 274):
 PSYoungGen      total 72704K, used 72199K [0x0000000671100000, 0x0000000676f00000, 0x00000007c0000000)
  eden space 65536K, 100% used [0x0000000671100000,0x0000000675100000,0x0000000675100000)
  from space 7168K, 92% used [0x0000000675300000,0x0000000675981da0,0x0000000675a00000)
  to   space 15360K, 0% used [0x0000000676000000,0x0000000676000000,0x0000000676f00000)
 ParOldGen       total 46080K, used 33212K [0x00000003d3200000, 0x00000003d5f00000, 0x0000000671100000)
  object space 46080K, 72% used [0x00000003d3200000,0x00000003d526f0b8,0x00000003d5f00000)
 Metaspace       used 10013K, capacity 10198K, committed 10368K, reserved 1058816K
  class space    used 1004K, capacity 1081K, committed 1152K, reserved 1048576K
Event: 125297.188 GC heap after
Heap after GC invocations=9326 (full 274):
 PSYoungGen      total 75776K, used 8405K [0x0000000671100000, 0x0000000676c00000, 0x00000007c0000000)
  eden space 63488K, 0% used [0x0000000671100000,0x0000000671100000,0x0000000674f00000)
  from space 12288K, 68% used [0x0000000676000000,0x0000000676835430,0x0000000676c00000)
  to   space 14848K, 0% used [0x0000000674f00000,0x0000000674f00000,0x0000000675d80000)
 ParOldGen       total 46080K, used 38390K [0x00000003d3200000, 0x00000003d5f00000, 0x0000000671100000)
  object space 46080K, 83% used [0x00000003d3200000,0x00000003d577db50,0x00000003d5f00000)
 Metaspace       used 10013K, capacity 10198K, committed 10368K, reserved 1058816K
  class space    used 1004K, capacity 1081K, committed 1152K, reserved 1048576K
}
Event: 125297.188 GC heap before
{Heap before GC invocations=9327 (full 275):
 PSYoungGen      total 75776K, used 8405K [0x0000000671100000, 0x0000000676c00000, 0x00000007c0000000)
  eden space 63488K, 0% used [0x0000000671100000,0x0000000671100000,0x0000000674f00000)
  from space 12288K, 68% used [0x0000000676000000,0x0000000676835430,0x0000000676c00000)
  to   space 14848K, 0% used [0x0000000674f00000,0x0000000674f00000,0x0000000675d80000)
 ParOldGen       total 46080K, used 38390K [0x00000003d3200000, 0x00000003d5f00000, 0x0000000671100000)
  object space 46080K, 83% used [0x00000003d3200000,0x00000003d577db50,0x00000003d5f00000)
 Metaspace       used 10013K, capacity 10198K, committed 10368K, reserved 1058816K
  class space    used 1004K, capacity 1081K, committed 1152K, reserved 1048576K
Event: 125297.221 GC heap after
Heap after GC invocations=9327 (full 275):
 PSYoungGen      total 75776K, used 0K [0x0000000671100000, 0x0000000676c00000, 0x00000007c0000000)
  eden space 63488K, 0% used [0x0000000671100000,0x0000000671100000,0x0000000674f00000)
  from space 12288K, 0% used [0x0000000676000000,0x0000000676000000,0x0000000676c00000)
  to   space 14848K, 0% used [0x0000000674f00000,0x0000000674f00000,0x0000000675d80000)
 ParOldGen       total 46592K, used 7692K [0x00000003d3200000, 0x00000003d5f80000, 0x0000000671100000)
  object space 46592K, 16% used [0x00000003d3200000,0x00000003d39833b8,0x00000003d5f80000)
 Metaspace       used 10013K, capacity 10198K, committed 10368K, reserved 1058816K
  class space    used 1004K, capacity 1081K, committed 1152K, reserved 1048576K
}
Event: 125315.620 GC heap before
{Heap before GC invocations=9328 (full 275):
 PSYoungGen      total 75776K, used 63488K [0x0000000671100000, 0x0000000676c00000, 0x00000007c0000000)
  eden space 63488K, 100% used [0x0000000671100000,0x0000000674f00000,0x0000000674f00000)
  from space 12288K, 0% used [0x0000000676000000,0x0000000676000000,0x0000000676c00000)
  to   space 14848K, 0% used [0x0000000674f00000,0x0000000674f00000,0x0000000675d80000)
 ParOldGen       total 46592K, used 7692K [0x00000003d3200000, 0x00000003d5f80000, 0x0000000671100000)
  object space 46592K, 16% used [0x00000003d3200000,0x00000003d39833b8,0x00000003d5f80000)
 Metaspace       used 10013K, capacity 10198K, committed 10368K, reserved 1058816K
  class space    used 1004K, capacity 1081K, committed 1152K, reserved 1048576K
Event: 125315.672 GC heap after
Heap after GC invocations=9328 (full 275):
 PSYoungGen      total 69120K, used 7363K [0x0000000671100000, 0x0000000676900000, 0x00000007c0000000)
  eden space 61440K, 0% used [0x0000000671100000,0x0000000671100000,0x0000000674d00000)
  from space 7680K, 95% used [0x0000000674f00000,0x0000000675630d70,0x0000000675680000)
  to   space 14336K, 0% used [0x0000000675b00000,0x0000000675b00000,0x0000000676900000)
 ParOldGen       total 46592K, used 7692K [0x00000003d3200000, 0x00000003d5f80000, 0x0000000671100000)
  object space 46592K, 16% used [0x00000003d3200000,0x00000003d39833b8,0x00000003d5f80000)
 Metaspace       used 10013K, capacity 10198K, committed 10368K, reserved 1058816K
  class space    used 1004K, capacity 1081K, committed 1152K, reserved 1048576K
}
Event: 125328.290 GC heap before
{Heap before GC invocations=9329 (full 275):
 PSYoungGen      total 69120K, used 68803K [0x0000000671100000, 0x0000000676900000, 0x00000007c0000000)
  eden space 61440K, 100% used [0x0000000671100000,0x0000000674d00000,0x0000000674d00000)
  from space 7680K, 95% used [0x0000000674f00000,0x0000000675630d70,0x0000000675680000)
  to   space 14336K, 0% used [0x0000000675b00000,0x0000000675b00000,0x0000000676900000)
 ParOldGen       total 46592K, used 7692K [0x00000003d3200000, 0x00000003d5f80000, 0x0000000671100000)
  object space 46592K, 16% used [0x00000003d3200000,0x00000003d39833b8,0x00000003d5f80000)
 Metaspace       used 10013K, capacity 10198K, committed 10368K, reserved 1058816K
  class space    used 1004K, capacity 1081K, committed 1152K, reserved 1048576K
Event: 125328.296 GC heap after
Heap after GC invocations=9329 (full 275):
 PSYoungGen      total 70656K, used 6709K [0x0000000671100000, 0x0000000676600000, 0x00000007c0000000)
  eden space 59392K, 0% used [0x0000000671100000,0x0000000671100000,0x0000000674b00000)
  from space 11264K, 59% used [0x0000000675b00000,0x000000067618d430,0x0000000676600000)
  to   space 13824K, 0% used [0x0000000674b00000,0x0000000674b00000,0x0000000675880000)
 ParOldGen       total 46592K, used 13478K [0x00000003d3200000, 0x00000003d5f80000, 0x0000000671100000)
  object space 46592K, 28% used [0x00000003d3200000,0x00000003d3f29a80,0x00000003d5f80000)
 Metaspace       used 10013K, capacity 10198K, committed 10368K, reserved 1058816K
  class space    used 1004K, capacity 1081K, committed 1152K, reserved 1048576K
}
Event: 125335.646 GC heap before
{Heap before GC invocations=9330 (full 275):
 PSYoungGen      total 70656K, used 66101K [0x0000000671100000, 0x0000000676600000, 0x00000007c0000000)
  eden space 59392K, 100% used [0x0000000671100000,0x0000000674b00000,0x0000000674b00000)
  from space 11264K, 59% used [0x0000000675b00000,0x000000067618d430,0x0000000676600000)
  to   space 13824K, 0% used [0x0000000674b00000,0x0000000674b00000,0x0000000675880000)
 ParOldGen       total 46592K, used 13478K [0x00000003d3200000, 0x00000003d5f80000, 0x0000000671100000)
  object space 46592K, 28% used [0x00000003d3200000,0x00000003d3f29a80,0x00000003d5f80000)
 Metaspace       used 10013K, capacity 10198K, committed 10368K, reserved 1058816K
  class space    used 1004K, capacity 1081K, committed 1152K, reserved 1048576K
Event: 125335.671 GC heap after
Heap after GC invocations=9330 (full 275):
 PSYoungGen      total 66560K, used 8437K [0x0000000671100000, 0x0000000676380000, 0x00000007c0000000)
  eden space 57856K, 0% used [0x0000000671100000,0x0000000671100000,0x0000000674980000)
  from space 8704K, 96% used [0x0000000674b00000,0x000000067533d430,0x0000000675380000)
  to   space 13312K, 0% used [0x0000000675680000,0x0000000675680000,0x0000000676380000)
 ParOldGen       total 46592K, used 13478K [0x00000003d3200000, 0x00000003d5f80000, 0x0000000671100000)
  object space 46592K, 28% used [0x00000003d3200000,0x00000003d3f29a80,0x00000003d5f80000)
 Metaspace       used 10013K, capacity 10198K, committed 10368K, reserved 1058816K
  class space    used 1004K, capacity 1081K, committed 1152K, reserved 1048576K
}

